Processing alexnet with min_acceptance = 0.9
==========================================================================================
n_gen  |  n_eval  | n_nds  |     cv_min    |     cv_avg    |      eps      |   indicator  
==========================================================================================
     1 |      100 |     22 |  0.000000E+00 |  0.0322579215 |             - |             -
     2 |      180 |     36 |  0.000000E+00 |  0.000000E+00 |  0.0122962483 |             f
     3 |      260 |     45 |  0.000000E+00 |  0.000000E+00 |  0.0052103718 |             f
     4 |      340 |     55 |  0.000000E+00 |  0.000000E+00 |  0.0057901727 |             f
     5 |      420 |     68 |  0.000000E+00 |  0.000000E+00 |  0.0032762437 |             f
     6 |      500 |     87 |  0.000000E+00 |  0.000000E+00 |  0.0038238090 |             f
     7 |      580 |     74 |  0.000000E+00 |  0.000000E+00 |  0.0084340335 |         ideal
     8 |      660 |     85 |  0.000000E+00 |  0.000000E+00 |  0.0100104720 |         nadir
     9 |      740 |    100 |  0.000000E+00 |  0.000000E+00 |  0.0015401466 |             f
    10 |      820 |    100 |  0.000000E+00 |  0.000000E+00 |  0.0031774406 |             f
    11 |      900 |    100 |  0.000000E+00 |  0.000000E+00 |  0.0014657458 |             f
    12 |      980 |    100 |  0.000000E+00 |  0.000000E+00 |  0.0028185724 |             f
    13 |     1060 |    100 |  0.000000E+00 |  0.000000E+00 |  0.0013581432 |             f
    14 |     1140 |     97 |  0.000000E+00 |  0.000000E+00 |  0.0032128109 |             f
    15 |     1220 |    100 |  0.000000E+00 |  0.000000E+00 |  0.0010683317 |             f
    16 |     1300 |    100 |  0.000000E+00 |  0.000000E+00 |  0.0019415378 |             f
    17 |     1380 |    100 |  0.000000E+00 |  0.000000E+00 |  0.0042835148 |             f
    18 |     1460 |    100 |  0.000000E+00 |  0.000000E+00 |  0.0743391324 |         ideal
    19 |     1540 |    100 |  0.000000E+00 |  0.000000E+00 |  0.0010071092 |             f
    20 |     1620 |    100 |  0.000000E+00 |  0.000000E+00 |  0.0020779173 |             f
    21 |     1700 |    100 |  0.000000E+00 |  0.000000E+00 |  0.0028149983 |             f
    22 |     1780 |    100 |  0.000000E+00 |  0.000000E+00 |  0.0009866784 |             f
    23 |     1860 |    100 |  0.000000E+00 |  0.000000E+00 |  0.0022679099 |             f
    24 |     1940 |    100 |  0.000000E+00 |  0.000000E+00 |  0.0028945179 |             f
    25 |     2020 |    100 |  0.000000E+00 |  0.000000E+00 |  0.0004988951 |             f
    26 |     2100 |    100 |  0.000000E+00 |  0.000000E+00 |  0.0015822353 |             f
    27 |     2180 |    100 |  0.000000E+00 |  0.000000E+00 |  0.0028228618 |             f
    28 |     2260 |     89 |  0.000000E+00 |  0.000000E+00 |  0.0027844219 |             f
    29 |     2340 |    100 |  0.000000E+00 |  0.000000E+00 |  0.0004703137 |             f
    30 |     2420 |    100 |  0.000000E+00 |  0.000000E+00 |  0.1207622948 |         ideal
    31 |     2500 |    100 |  0.000000E+00 |  0.000000E+00 |  0.0013790468 |             f
    32 |     2580 |    100 |  0.000000E+00 |  0.000000E+00 |  0.0022265479 |             f
    33 |     2660 |    100 |  0.000000E+00 |  0.000000E+00 |  0.0037018408 |             f
    34 |     2740 |    100 |  0.000000E+00 |  0.000000E+00 |  0.0034786188 |         ideal
    35 |     2820 |    100 |  0.000000E+00 |  0.000000E+00 |  0.0037830042 |         ideal
    36 |     2900 |    100 |  0.000000E+00 |  0.000000E+00 |  0.0002681942 |             f
    37 |     2980 |    100 |  0.000000E+00 |  0.000000E+00 |  0.0058547261 |         ideal
    38 |     3060 |    100 |  0.000000E+00 |  0.000000E+00 |  0.0002275410 |             f
    39 |     3140 |    100 |  0.000000E+00 |  0.000000E+00 |  0.0016444028 |             f
    40 |     3220 |    100 |  0.000000E+00 |  0.000000E+00 |  0.0019996515 |             f
    41 |     3300 |    100 |  0.000000E+00 |  0.000000E+00 |  0.0036347725 |             f
    42 |     3380 |    100 |  0.000000E+00 |  0.000000E+00 |  0.0114219909 |         ideal
    43 |     3460 |    100 |  0.000000E+00 |  0.000000E+00 |  0.0005012107 |             f
    44 |     3540 |    100 |  0.000000E+00 |  0.000000E+00 |  0.0006554322 |             f
    45 |     3620 |    100 |  0.000000E+00 |  0.000000E+00 |  0.0017913664 |             f
    46 |     3700 |    100 |  0.000000E+00 |  0.000000E+00 |  0.0134326837 |         ideal
    47 |     3780 |    100 |  0.000000E+00 |  0.000000E+00 |  0.0011476482 |             f
    48 |     3860 |    100 |  0.000000E+00 |  0.000000E+00 |  0.0039897002 |         ideal
    49 |     3940 |    100 |  0.000000E+00 |  0.000000E+00 |  0.0004641804 |             f
    50 |     4020 |    100 |  0.000000E+00 |  0.000000E+00 |  0.0006922311 |             f
    51 |     4100 |    100 |  0.000000E+00 |  0.000000E+00 |  0.0017168726 |             f
    52 |     4180 |    100 |  0.000000E+00 |  0.000000E+00 |  0.0528284327 |         ideal
    53 |     4260 |    100 |  0.000000E+00 |  0.000000E+00 |  0.0006587183 |             f
    54 |     4340 |    100 |  0.000000E+00 |  0.000000E+00 |  0.0280785808 |         ideal
    55 |     4420 |    100 |  0.000000E+00 |  0.000000E+00 |  0.0003727511 |             f
    56 |     4500 |    100 |  0.000000E+00 |  0.000000E+00 |  0.0005200469 |             f
    57 |     4580 |    100 |  0.000000E+00 |  0.000000E+00 |  0.0010071486 |             f
    58 |     4660 |    100 |  0.000000E+00 |  0.000000E+00 |  0.0031443994 |         ideal
    59 |     4740 |    100 |  0.000000E+00 |  0.000000E+00 |  0.0006880008 |             f
    60 |     4820 |    100 |  0.000000E+00 |  0.000000E+00 |  0.0010760908 |             f
    61 |     4900 |    100 |  0.000000E+00 |  0.000000E+00 |  0.0018750621 |             f
    62 |     4980 |    100 |  0.000000E+00 |  0.000000E+00 |  0.0028089761 |             f
    63 |     5060 |    100 |  0.000000E+00 |  0.000000E+00 |  0.0001743762 |             f
    64 |     5140 |    100 |  0.000000E+00 |  0.000000E+00 |  0.0005895270 |             f
    65 |     5220 |    100 |  0.000000E+00 |  0.000000E+00 |  0.0008353117 |             f
    66 |     5300 |    100 |  0.000000E+00 |  0.000000E+00 |  0.0012540479 |             f
    67 |     5380 |    100 |  0.000000E+00 |  0.000000E+00 |  0.0014508947 |             f
    68 |     5460 |    100 |  0.000000E+00 |  0.000000E+00 |  0.0015184829 |             f
    69 |     5540 |    100 |  0.000000E+00 |  0.000000E+00 |  0.0806264984 |         ideal
    70 |     5620 |    100 |  0.000000E+00 |  0.000000E+00 |  0.0004118796 |             f
    71 |     5700 |    100 |  0.000000E+00 |  0.000000E+00 |  0.0005111555 |             f
    72 |     5780 |    100 |  0.000000E+00 |  0.000000E+00 |  0.0007004017 |             f
    73 |     5860 |    100 |  0.000000E+00 |  0.000000E+00 |  0.0053107632 |         nadir
    74 |     5940 |    100 |  0.000000E+00 |  0.000000E+00 |  0.0004339718 |             f
    75 |     6020 |    100 |  0.000000E+00 |  0.000000E+00 |  0.0005717375 |             f
    76 |     6100 |    100 |  0.000000E+00 |  0.000000E+00 |  0.0007272292 |             f
    77 |     6180 |    100 |  0.000000E+00 |  0.000000E+00 |  0.0008672600 |             f
    78 |     6260 |    100 |  0.000000E+00 |  0.000000E+00 |  0.0010490633 |             f
    79 |     6340 |    100 |  0.000000E+00 |  0.000000E+00 |  0.0011072719 |             f
    80 |     6420 |    100 |  0.000000E+00 |  0.000000E+00 |  0.0011874662 |             f
    81 |     6500 |    100 |  0.000000E+00 |  0.000000E+00 |  0.0011139237 |             f
    82 |     6580 |    100 |  0.000000E+00 |  0.000000E+00 |  0.0013591608 |             f
    83 |     6660 |    100 |  0.000000E+00 |  0.000000E+00 |  0.0013861265 |             f
    84 |     6740 |    100 |  0.000000E+00 |  0.000000E+00 |  0.0014563919 |             f
    85 |     6820 |    100 |  0.000000E+00 |  0.000000E+00 |  0.0014831749 |             f
    86 |     6900 |    100 |  0.000000E+00 |  0.000000E+00 |  0.0015320081 |             f
    87 |     6980 |    100 |  0.000000E+00 |  0.000000E+00 |  0.0024872470 |             f
    88 |     7060 |    100 |  0.000000E+00 |  0.000000E+00 |  0.0025822545 |             f
    89 |     7140 |    100 |  0.000000E+00 |  0.000000E+00 |  0.0004619424 |             f
    90 |     7220 |    100 |  0.000000E+00 |  0.000000E+00 |  0.0007767424 |             f
    91 |     7300 |    100 |  0.000000E+00 |  0.000000E+00 |  0.0009555871 |             f
    92 |     7380 |    100 |  0.000000E+00 |  0.000000E+00 |  0.0012313799 |             f
    93 |     7460 |    100 |  0.000000E+00 |  0.000000E+00 |  0.0013219553 |             f
    94 |     7540 |    100 |  0.000000E+00 |  0.000000E+00 |  0.0015072445 |             f
    95 |     7620 |    100 |  0.000000E+00 |  0.000000E+00 |  0.0017166918 |             f
    96 |     7700 |    100 |  0.000000E+00 |  0.000000E+00 |  0.0016358638 |             f
    97 |     7780 |    100 |  0.000000E+00 |  0.000000E+00 |  0.0016949184 |             f
    98 |     7860 |    100 |  0.000000E+00 |  0.000000E+00 |  0.0018334614 |             f
    99 |     7940 |    100 |  0.000000E+00 |  0.000000E+00 |  0.0018204138 |             f
   100 |     8020 |    100 |  0.000000E+00 |  0.000000E+00 |  0.0018896554 |             f
   101 |     8100 |    100 |  0.000000E+00 |  0.000000E+00 |  0.0041695715 |         nadir
   102 |     8180 |    100 |  0.000000E+00 |  0.000000E+00 |  0.0003738373 |             f
   103 |     8260 |    100 |  0.000000E+00 |  0.000000E+00 |  0.0005373090 |             f
   104 |     8340 |    100 |  0.000000E+00 |  0.000000E+00 |  0.0007641136 |             f
   105 |     8420 |    100 |  0.000000E+00 |  0.000000E+00 |  0.0010094806 |             f
   106 |     8500 |    100 |  0.000000E+00 |  0.000000E+00 |  0.0011895197 |             f
   107 |     8580 |    100 |  0.000000E+00 |  0.000000E+00 |  0.0012156865 |             f
   108 |     8660 |    100 |  0.000000E+00 |  0.000000E+00 |  0.0013694636 |             f
   109 |     8740 |    100 |  0.000000E+00 |  0.000000E+00 |  0.0015221449 |             f
   110 |     8820 |    100 |  0.000000E+00 |  0.000000E+00 |  0.0015980780 |             f
   111 |     8900 |    100 |  0.000000E+00 |  0.000000E+00 |  0.0015964177 |             f
   112 |     8980 |    100 |  0.000000E+00 |  0.000000E+00 |  0.0016301280 |             f
   113 |     9060 |    100 |  0.000000E+00 |  0.000000E+00 |  0.0015548861 |             f
   114 |     9140 |    100 |  0.000000E+00 |  0.000000E+00 |  0.0016162329 |             f
   115 |     9220 |    100 |  0.000000E+00 |  0.000000E+00 |  0.0017506482 |             f
   116 |     9300 |    100 |  0.000000E+00 |  0.000000E+00 |  0.0017449564 |             f
   117 |     9380 |    100 |  0.000000E+00 |  0.000000E+00 |  0.0017091931 |             f
   118 |     9460 |    100 |  0.000000E+00 |  0.000000E+00 |  0.0018174150 |             f
   119 |     9540 |    100 |  0.000000E+00 |  0.000000E+00 |  0.0018094171 |             f
   120 |     9620 |    100 |  0.000000E+00 |  0.000000E+00 |  0.0018820654 |             f
   121 |     9700 |    100 |  0.000000E+00 |  0.000000E+00 |  0.0017345415 |             f
   122 |     9780 |    100 |  0.000000E+00 |  0.000000E+00 |  0.0016649653 |             f
   123 |     9860 |    100 |  0.000000E+00 |  0.000000E+00 |  0.0016361811 |             f
   124 |     9940 |    100 |  0.000000E+00 |  0.000000E+00 |  0.0015653096 |             f
   125 |    10020 |    100 |  0.000000E+00 |  0.000000E+00 |  0.0016031294 |             f
   126 |    10100 |    100 |  0.000000E+00 |  0.000000E+00 |  0.0015163734 |             f
   127 |    10180 |    100 |  0.000000E+00 |  0.000000E+00 |  0.0015980935 |             f
   128 |    10260 |    100 |  0.000000E+00 |  0.000000E+00 |  0.0018456208 |             f
   129 |    10340 |    100 |  0.000000E+00 |  0.000000E+00 |  0.0017200293 |             f
   130 |    10420 |    100 |  0.000000E+00 |  0.000000E+00 |  0.0017229236 |             f
   131 |    10500 |    100 |  0.000000E+00 |  0.000000E+00 |  0.0018204578 |             f
   132 |    10580 |    100 |  0.000000E+00 |  0.000000E+00 |  0.0018366677 |             f
   133 |    10660 |    100 |  0.000000E+00 |  0.000000E+00 |  0.0019721681 |             f
   134 |    10740 |    100 |  0.000000E+00 |  0.000000E+00 |  0.0019947685 |             f
   135 |    10820 |    100 |  0.000000E+00 |  0.000000E+00 |  0.0020982911 |             f
   136 |    10900 |    100 |  0.000000E+00 |  0.000000E+00 |  0.0020004958 |             f
   137 |    10980 |    100 |  0.000000E+00 |  0.000000E+00 |  0.0020484621 |             f
   138 |    11060 |    100 |  0.000000E+00 |  0.000000E+00 |  0.0024779825 |             f
   139 |    11140 |    100 |  0.000000E+00 |  0.000000E+00 |  0.0025905063 |             f
   140 |    11220 |    100 |  0.000000E+00 |  0.000000E+00 |  0.0005901786 |             f
   141 |    11300 |    100 |  0.000000E+00 |  0.000000E+00 |  0.0007989085 |             f
   142 |    11380 |    100 |  0.000000E+00 |  0.000000E+00 |  0.0009210372 |             f
   143 |    11460 |    100 |  0.000000E+00 |  0.000000E+00 |  0.0010117068 |             f
   144 |    11540 |    100 |  0.000000E+00 |  0.000000E+00 |  0.0012377517 |             f
   145 |    11620 |    100 |  0.000000E+00 |  0.000000E+00 |  0.0012210186 |             f
   146 |    11700 |    100 |  0.000000E+00 |  0.000000E+00 |  0.0013724910 |             f
   147 |    11780 |    100 |  0.000000E+00 |  0.000000E+00 |  0.0016500171 |             f
   148 |    11860 |    100 |  0.000000E+00 |  0.000000E+00 |  0.0016781838 |             f
   149 |    11940 |    100 |  0.000000E+00 |  0.000000E+00 |  0.0017454700 |             f
   150 |    12020 |    100 |  0.000000E+00 |  0.000000E+00 |  0.0018889114 |             f
   151 |    12100 |    100 |  0.000000E+00 |  0.000000E+00 |  0.0019496971 |             f
   152 |    12180 |    100 |  0.000000E+00 |  0.000000E+00 |  0.0025939194 |         nadir
   153 |    12260 |    100 |  0.000000E+00 |  0.000000E+00 |  0.0003884722 |             f
   154 |    12340 |    100 |  0.000000E+00 |  0.000000E+00 |  0.0005801736 |             f
   155 |    12420 |    100 |  0.000000E+00 |  0.000000E+00 |  0.0009516146 |             f
   156 |    12500 |    100 |  0.000000E+00 |  0.000000E+00 |  0.0010444168 |             f
   157 |    12580 |    100 |  0.000000E+00 |  0.000000E+00 |  0.0012350247 |             f
   158 |    12660 |    100 |  0.000000E+00 |  0.000000E+00 |  0.0012353741 |             f
   159 |    12740 |    100 |  0.000000E+00 |  0.000000E+00 |  0.0011734992 |             f
   160 |    12820 |    100 |  0.000000E+00 |  0.000000E+00 |  0.0011948510 |             f
   161 |    12900 |    100 |  0.000000E+00 |  0.000000E+00 |  0.0012818596 |             f
   162 |    12980 |    100 |  0.000000E+00 |  0.000000E+00 |  0.0013911944 |             f
   163 |    13060 |    100 |  0.000000E+00 |  0.000000E+00 |  0.0015479308 |             f
   164 |    13140 |    100 |  0.000000E+00 |  0.000000E+00 |  0.0015352834 |             f
   165 |    13220 |    100 |  0.000000E+00 |  0.000000E+00 |  0.0015822618 |             f
   166 |    13300 |    100 |  0.000000E+00 |  0.000000E+00 |  0.0017101508 |             f
   167 |    13380 |    100 |  0.000000E+00 |  0.000000E+00 |  0.0016699073 |             f
   168 |    13460 |    100 |  0.000000E+00 |  0.000000E+00 |  0.0016941986 |             f
   169 |    13540 |    100 |  0.000000E+00 |  0.000000E+00 |  0.0017460994 |             f
   170 |    13620 |    100 |  0.000000E+00 |  0.000000E+00 |  0.0018341271 |             f
   171 |    13700 |    100 |  0.000000E+00 |  0.000000E+00 |  0.0020372005 |             f
   172 |    13780 |    100 |  0.000000E+00 |  0.000000E+00 |  0.0020070179 |             f
   173 |    13860 |    100 |  0.000000E+00 |  0.000000E+00 |  0.0018865756 |             f
   174 |    13940 |    100 |  0.000000E+00 |  0.000000E+00 |  0.0018525905 |             f
   175 |    14020 |    100 |  0.000000E+00 |  0.000000E+00 |  0.0017628557 |             f
   176 |    14100 |    100 |  0.000000E+00 |  0.000000E+00 |  0.0017294320 |             f
   177 |    14180 |    100 |  0.000000E+00 |  0.000000E+00 |  0.0017563112 |             f
   178 |    14260 |    100 |  0.000000E+00 |  0.000000E+00 |  0.0017681604 |             f
   179 |    14340 |    100 |  0.000000E+00 |  0.000000E+00 |  0.0018611230 |             f
   180 |    14420 |    100 |  0.000000E+00 |  0.000000E+00 |  0.0019073287 |             f
   181 |    14500 |    100 |  0.000000E+00 |  0.000000E+00 |  0.0019001151 |             f
   182 |    14580 |    100 |  0.000000E+00 |  0.000000E+00 |  0.0019092442 |             f
   183 |    14660 |    100 |  0.000000E+00 |  0.000000E+00 |  0.0018590661 |             f
   184 |    14740 |    100 |  0.000000E+00 |  0.000000E+00 |  0.0017892683 |             f
   185 |    14820 |    100 |  0.000000E+00 |  0.000000E+00 |  0.0017946882 |             f
   186 |    14900 |    100 |  0.000000E+00 |  0.000000E+00 |  0.0019283666 |             f
   187 |    14980 |    100 |  0.000000E+00 |  0.000000E+00 |  0.0021529986 |             f
   188 |    15060 |    100 |  0.000000E+00 |  0.000000E+00 |  0.0021851200 |             f
   189 |    15140 |    100 |  0.000000E+00 |  0.000000E+00 |  0.0022184529 |             f
   190 |    15220 |    100 |  0.000000E+00 |  0.000000E+00 |  0.0021737475 |             f
   191 |    15300 |    100 |  0.000000E+00 |  0.000000E+00 |  0.0023186841 |             f
Traceback (most recent call last):
  File "/home/jasimioni/ppgia/earlyexit/icc2024/nsga2/./nsga2_2variables.py", line 172, in <module>
    X, F, min_time, max_time, accuracy_e1, acceptance_e1, accuracy_e2, acceptance_e2 = process(network, '2016_0[23]', min_acceptance)
  File "/home/jasimioni/ppgia/earlyexit/icc2024/nsga2/./nsga2_2variables.py", line 138, in process
    res = minimize(problem,
  File "/home/jasimioni/ppgia/earlyexit/.venv/lib/python3.10/site-packages/pymoo/optimize.py", line 67, in minimize
    res = algorithm.run()
  File "/home/jasimioni/ppgia/earlyexit/.venv/lib/python3.10/site-packages/pymoo/core/algorithm.py", line 141, in run
    self.next()
  File "/home/jasimioni/ppgia/earlyexit/.venv/lib/python3.10/site-packages/pymoo/core/algorithm.py", line 161, in next
    self.evaluator.eval(self.problem, infills, algorithm=self)
  File "/home/jasimioni/ppgia/earlyexit/.venv/lib/python3.10/site-packages/pymoo/core/evaluator.py", line 69, in eval
    self._eval(problem, pop[I], evaluate_values_of, **kwargs)
  File "/home/jasimioni/ppgia/earlyexit/.venv/lib/python3.10/site-packages/pymoo/core/evaluator.py", line 90, in _eval
    out = problem.evaluate(X, return_values_of=evaluate_values_of, return_as_dictionary=True, **kwargs)
  File "/home/jasimioni/ppgia/earlyexit/.venv/lib/python3.10/site-packages/pymoo/core/problem.py", line 187, in evaluate
    _out = self.do(X, return_values_of, *args, **kwargs)
  File "/home/jasimioni/ppgia/earlyexit/.venv/lib/python3.10/site-packages/pymoo/core/problem.py", line 227, in do
    self._evaluate_elementwise(X, out, *args, **kwargs)
  File "/home/jasimioni/ppgia/earlyexit/.venv/lib/python3.10/site-packages/pymoo/core/problem.py", line 245, in _evaluate_elementwise
    elems = self.elementwise_runner(f, X)
  File "/home/jasimioni/ppgia/earlyexit/.venv/lib/python3.10/site-packages/pymoo/core/problem.py", line 27, in __call__
    return [f(x) for x in X]
  File "/home/jasimioni/ppgia/earlyexit/.venv/lib/python3.10/site-packages/pymoo/core/problem.py", line 27, in <listcomp>
    return [f(x) for x in X]
  File "/home/jasimioni/ppgia/earlyexit/.venv/lib/python3.10/site-packages/pymoo/core/problem.py", line 20, in __call__
    self.problem._evaluate(x, out, *self.args, **self.kwargs)
  File "/home/jasimioni/ppgia/earlyexit/icc2024/nsga2/./nsga2_2variables.py", line 112, in _evaluate
    accuracy, acceptance, time = get_objectives(self.df, *x)
  File "/home/jasimioni/ppgia/earlyexit/icc2024/nsga2/./nsga2_2variables.py", line 58, in get_objectives
    not_accepted = exit2.query(f'not ({f_n_exit2}) and not ({f_a_exit2})')
  File "/home/jasimioni/ppgia/earlyexit/.venv/lib/python3.10/site-packages/pandas/core/frame.py", line 4602, in query
    res = self.eval(expr, **kwargs)
  File "/home/jasimioni/ppgia/earlyexit/.venv/lib/python3.10/site-packages/pandas/core/frame.py", line 4728, in eval
    return _eval(expr, inplace=inplace, **kwargs)
  File "/home/jasimioni/ppgia/earlyexit/.venv/lib/python3.10/site-packages/pandas/core/computation/eval.py", line 357, in eval
    ret = eng_inst.evaluate()
  File "/home/jasimioni/ppgia/earlyexit/.venv/lib/python3.10/site-packages/pandas/core/computation/engines.py", line 134, in evaluate
    return self.expr()
  File "/home/jasimioni/ppgia/earlyexit/.venv/lib/python3.10/site-packages/pandas/core/computation/expr.py", line 815, in __call__
    return self.terms(self.env)
  File "/home/jasimioni/ppgia/earlyexit/.venv/lib/python3.10/site-packages/pandas/core/computation/ops.py", line 408, in __call__
    right = self.rhs(env)
  File "/home/jasimioni/ppgia/earlyexit/.venv/lib/python3.10/site-packages/pandas/core/computation/ops.py", line 579, in __call__
    operand = self.operand(env)
  File "/home/jasimioni/ppgia/earlyexit/.venv/lib/python3.10/site-packages/pandas/core/computation/ops.py", line 407, in __call__
    left = self.lhs(env)
  File "/home/jasimioni/ppgia/earlyexit/.venv/lib/python3.10/site-packages/pandas/core/computation/ops.py", line 410, in __call__
    return self.func(left, right)
  File "/home/jasimioni/ppgia/earlyexit/.venv/lib/python3.10/site-packages/pandas/core/ops/common.py", line 76, in new_method
    return method(self, other)
  File "/home/jasimioni/ppgia/earlyexit/.venv/lib/python3.10/site-packages/pandas/core/arraylike.py", line 40, in __eq__
    return self._cmp_method(other, operator.eq)
  File "/home/jasimioni/ppgia/earlyexit/.venv/lib/python3.10/site-packages/pandas/core/series.py", line 5799, in _cmp_method
    res_values = ops.comparison_op(lvalues, rvalues, op)
  File "/home/jasimioni/ppgia/earlyexit/.venv/lib/python3.10/site-packages/pandas/core/ops/array_ops.py", line 349, in comparison_op
    res_values = _na_arithmetic_op(lvalues, rvalues, op, is_cmp=True)
  File "/home/jasimioni/ppgia/earlyexit/.venv/lib/python3.10/site-packages/pandas/core/ops/array_ops.py", line 220, in _na_arithmetic_op
    result = func(left, right)
  File "/home/jasimioni/ppgia/earlyexit/.venv/lib/python3.10/site-packages/pandas/core/computation/expressions.py", line 242, in evaluate
    return _evaluate(op, op_str, a, b)  # type: ignore[misc]
  File "/home/jasimioni/ppgia/earlyexit/.venv/lib/python3.10/site-packages/pandas/core/computation/expressions.py", line 73, in _evaluate_standard
    return op(a, b)
KeyboardInterrupt
